<?xml version="1.0" encoding="UTF-8"?>
<!-- Generated by org.testng.reporters.JUnitReportReporter -->
<testsuite hostname="LAPTOP-D16KSEPA" failures="0" tests="4" name="com.amazokartt.registertest.registertest" time="0.043" errors="0" timestamp="2024-08-09T10:46:23 IST" skipped="1">
  <testcase classname="com.amazokartt.registertest.registertest" name="createUser_invalidData" time="0.009"/>
  <system-out>
    <![CDATA[createUser_InvalidData for Register Test]]>
  </system-out>
  <testcase classname="com.amazokartt.registertest.registertest" name="createUser_invalidData" time="0.031"/>
  <system-out>
    <![CDATA[createUser_InvalidData for Register Test]]>
  </system-out>
  <testcase classname="com.amazokartt.registertest.registertest" name="createUser_invalidData" time="0.003"/>
  <system-out>
    <![CDATA[createUser_InvalidData for Register Test]]>
  </system-out>
  <testcase classname="com.amazokartt.registertest.registertest" name="createUser_validData">
    <skipped/>
  </testcase> <!-- createUser_validData -->
  <system-out/>
</testsuite> <!-- com.amazokartt.registertest.registertest -->
